Processing URL: https://time.com/
Parsing HTML content for depth 0
Processed URL: https://time.com/
Processing URL: https://time.com/newsletters/?source&#x3D;TD_Footer_Link
Parsing HTML content for depth 1
Processed URL: https://time.com/newsletters/?source&#x3D;TD_Footer_Link
Processing URL: https://time.com/subscribe-footer-time
Parsing HTML content for depth 1
Processed URL: https://time.com/subscribe-footer-time
Processing URL: https://time.com/subscriber-benefits/
Parsing HTML content for depth 1
Processed URL: https://time.com/subscriber-benefits/
Processing URL: https://time.com/giveagift/
Parsing HTML content for depth 1
Processed URL: https://time.com/giveagift/
Processing URL: https://timecoverstore.com/
Parsing HTML content for depth 1
Processed URL: https://timecoverstore.com/
Processing URL: https://time.com/longform/join-time/
Parsing HTML content for depth 1
Processed URL: https://time.com/longform/join-time/
Processing URL: https://time.com/modern-slavery-statement/
Parsing HTML content for depth 1
Processed URL: https://time.com/modern-slavery-statement/
Processing URL: https://time.com/section/press-room/
Parsing HTML content for depth 1
Processed URL: https://time.com/section/press-room/
Processing URL: https://time.com/studios/
Parsing HTML content for depth 1
Processed URL: https://time.com/studios/
Processing URL: https://support.time.com/
Parsing HTML content for depth 1
Processed URL: https://support.time.com/
Processing URL: https://support.time.com/
Parsing HTML content for depth 1
Processed URL: https://support.time.com/
Processing URL: mailto:feedback@time.com
Parsing HTML content for depth 1
Processed URL: mailto:feedback@time.com
Processing URL: https://www.parsintl.com/publication/time
Parsing HTML content for depth 1
Processed URL: https://www.parsintl.com/publication/time
Processing URL: https://time.com/html-sitemap/
Parsing HTML content for depth 1
Processed URL: https://time.com/html-sitemap/
Processing URL: https://time.com/mediakit/
Parsing HTML content for depth 1
Processed URL: https://time.com/mediakit/
Processing URL: https://time.com/partnercontent/
Parsing HTML content for depth 1
Processed URL: https://time.com/partnercontent/
Processing URL: https://time.com/longform/about-time/
Parsing HTML content for depth 1
Processed URL: https://time.com/longform/about-time/
Processing URL: https://time.com/privacy/privacy_terms_service.html
Parsing HTML content for depth 1
Processed URL: https://time.com/privacy/privacy_terms_service.html
Processing URL: https://time.com/privacy/privacy_policy.html
Parsing HTML content for depth 1
Processed URL: https://time.com/privacy/privacy_policy.html
Processing URL: https://time.com/privacy/privacy_policy.html#_Toc26698205
Parsing HTML content for depth 1
Processed URL: https://time.com/privacy/privacy_policy.html#_Toc26698205
Processing URL: javascript:ketch('showPreferences')
curl_easy_perform() failed: URL using bad/illegal format or missing URL
Processed URL: javascript:ketch('showPreferences')
Processing URL: https://time.com/section/entertainment/
Parsing HTML content for depth 2
Processed URL: https://time.com/section/entertainment/
Processing URL: https://time.com/section/ideas/
Parsing HTML content for depth 2
Processed URL: https://time.com/section/ideas/
Processing URL: https://time.com/section/science/
Parsing HTML content for depth 2
Processed URL: https://time.com/section/science/
Processing URL: https://time.com/section/history/
Parsing HTML content for depth 2
Processed URL: https://time.com/section/history/
Processing URL: https://time.com/section/newsfeed/
Parsing HTML content for depth 2
Processed URL: https://time.com/section/newsfeed/
Processing URL: https://time.com/section/sports/
Parsing HTML content for depth 2
Processed URL: https://time.com/section/sports/
Processing URL: https://time.com/magazine
Parsing HTML content for depth 2
Processed URL: https://time.com/magazine
Processing URL: https://time.com/vault/
Parsing HTML content for depth 2
Processed URL: https://time.com/vault/
Processing URL: https://www.timeforkids.com/
Parsing HTML content for depth 2
Processed URL: https://www.timeforkids.com/
Processing URL: https://www.timeedge.com/openhouse
Request failed with HTTP status code 404
Processed URL: https://www.timeedge.com/openhouse
Processing URL: https://time.com/time-masthead/
Parsing HTML content for depth 2
Processed URL: https://time.com/time-masthead/
Processing URL: https://cloud.newsletters.time.com/newsletters?source&#x3D;time_nav
Parsing HTML content for depth 2
Processed URL: https://cloud.newsletters.time.com/newsletters?source&#x3D;time_nav
Processing URL: https://time.com/subscribe-footer-time
Parsing HTML content for depth 2
Processed URL: https://time.com/subscribe-footer-time
Processing URL: https://time.com/give-a-gift/
Request failed with HTTP status code 404
Processed URL: https://time.com/give-a-gift/
Processing URL: https://www.timecoverstore.com/
Parsing HTML content for depth 2
Processed URL: https://www.timecoverstore.com/
Processing URL: https://time.com/longform/join-time/
Parsing HTML content for depth 2
Processed URL: https://time.com/longform/join-time/
Processing URL: https://time.com/section/press-room/
Parsing HTML content for depth 2
Processed URL: https://time.com/section/press-room/
Processing URL: mailto:feedback@time.com
Parsing HTML content for depth 2
Processed URL: mailto:feedback@time.com
Processing URL: https://w1.buysub.com/servlet/CSGateway?cds_mag_code&#x3D;TIM
Parsing HTML content for depth 2
Processed URL: https://w1.buysub.com/servlet/CSGateway?cds_mag_code&#x3D;TIM
Processing URL: https://www.subscription.co.uk/time/europe/solo/
Parsing HTML content for depth 2
Processed URL: https://www.subscription.co.uk/time/europe/solo/
Processing URL: https://subscribenow.com.au/time/asia/solo/
Parsing HTML content for depth 2
Processed URL: https://subscribenow.com.au/time/asia/solo/
Processing URL: https://www.parsintl.com/
Parsing HTML content for depth 2
Processed URL: https://www.parsintl.com/
Processing URL: https://time.com/html-sitemap/
Parsing HTML content for depth 2
Processed URL: https://time.com/html-sitemap/
Processing URL: https://time.com/privacy/privacy_terms_service.html
Parsing HTML content for depth 2
Processed URL: https://time.com/privacy/privacy_terms_service.html
Processing URL: https://time.com/privacy/privacy_policy.html
Parsing HTML content for depth 2
Processed URL: https://time.com/privacy/privacy_policy.html
Processing URL: https://time.com/privacy/privacy_policy.html#_Toc26698205
Parsing HTML content for depth 2
Processed URL: https://time.com/privacy/privacy_policy.html#_Toc26698205
Processing URL: javascript:ketch('showPreferences')
curl_easy_perform() failed: URL using bad/illegal format or missing URL
Processed URL: javascript:ketch('showPreferences')
Processing URL: #
curl_easy_perform() failed: URL using bad/illegal format or missing URL
Processed URL: #
Processing URL: /servlet/CSGateway?cds_mag_code=TIM
curl_easy_perform() failed: URL using bad/illegal format or missing URL
Processed URL: /servlet/CSGateway?cds_mag_code=TIM
Processing URL: https://time.com/subscribe/primary-offer/
Request failed with HTTP status code 404
Processed URL: https://time.com/subscribe/primary-offer/
Processing URL: https://time.com/subscribe/gift-offer/
Request failed with HTTP status code 404
Processed URL: https://time.com/subscribe/gift-offer/
Processing URL: https://time.com/privacy/generic_privacy_new.html
Parsing HTML content for depth 2
Processed URL: https://time.com/privacy/generic_privacy_new.html
Processing URL: https://time.com/privacy/privacy_terms_service.html
Parsing HTML content for depth 2
Processed URL: https://time.com/privacy/privacy_terms_service.html
Processing URL: #
curl_easy_perform() failed: URL using bad/illegal format or missing URL
Processed URL: #
Processing URL: /servlet/CSGateway?cds_mag_code=TIM
curl_easy_perform() failed: URL using bad/illegal format or missing URL
Processed URL: /servlet/CSGateway?cds_mag_code=TIM
Processing URL: https://time.com/subscribe/primary-offer/
Request failed with HTTP status code 404
Processed URL: https://time.com/subscribe/primary-offer/
Processing URL: https://time.com/subscribe/gift-offer/
Request failed with HTTP status code 404
Processed URL: https://time.com/subscribe/gift-offer/
Processing URL: https://time.com/privacy/generic_privacy_new.html
Parsing HTML content for depth 2
Processed URL: https://time.com/privacy/generic_privacy_new.html
Processing URL: https://time.com/privacy/privacy_terms_service.html
Parsing HTML content for depth 2
Processed URL: https://time.com/privacy/privacy_terms_service.html
Processing URL: mailto:feedback@time.com
Parsing HTML content for depth 2
Processed URL: mailto:feedback@time.com
Processing URL: https://www.parsintl.com/publication/time
Parsing HTML content for depth 2
Processed URL: https://www.parsintl.com/publication/time
Processing URL: https://time.com/html-sitemap/
Parsing HTML content for depth 2
Processed URL: https://time.com/html-sitemap/
Processing URL: https://time.com/mediakit/
Parsing HTML content for depth 2
Processed URL: https://time.com/mediakit/
Processing URL: https://time.com/partnercontent/
Parsing HTML content for depth 2
Processed URL: https://time.com/partnercontent/
Processing URL: https://time.com/longform/about-time/
Parsing HTML content for depth 2
Processed URL: https://time.com/longform/about-time/
Processing URL: https://time.com/privacy/privacy_terms_service.html
Parsing HTML content for depth 2
Processed URL: https://time.com/privacy/privacy_terms_service.html
Processing URL: https://time.com/privacy/privacy_policy.html
Parsing HTML content for depth 2
Processed URL: https://time.com/privacy/privacy_policy.html
Processing URL: https://time.com/privacy/privacy_policy.html#_Toc26698205
Parsing HTML content for depth 2
Processed URL: https://time.com/privacy/privacy_policy.html#_Toc26698205
Processing URL: javascript:ketch('showPreferences')
curl_easy_perform() failed: URL using bad/illegal format or missing URL
Processed URL: javascript:ketch('showPreferences')
Processing URL: https://time.com/section/health/
Parsing HTML content for depth 2
Processed URL: https://time.com/section/health/
Processing URL: https://time.com/section/business/
Parsing HTML content for depth 2
Processed URL: https://time.com/section/business/
Processing URL: https://time.com/section/tech/
Parsing HTML content for depth 2
Processed URL: https://time.com/section/tech/
Processing URL: https://time.com/personal-finance/
Parsing HTML content for depth 2
Processed URL: https://time.com/personal-finance/
Processing URL: https://time.com/shopping/
Parsing HTML content for depth 2
Processed URL: https://time.com/shopping/
Processing URL: https://time.com/charter/
Parsing HTML content for depth 2
Processed URL: https://time.com/charter/
Processing URL: https://time.com/section/entertainment/
Parsing HTML content for depth 2
Processed URL: https://time.com/section/entertainment/
Processing URL: https://time.com/section/ideas/
Parsing HTML content for depth 2
Processed URL: https://time.com/section/ideas/
Processing URL: https://time.com/section/science/
Parsing HTML content for depth 2
Processed URL: https://time.com/section/science/
Processing URL: https://time.com/section/history/
Parsing HTML content for depth 2
Processed URL: https://time.com/section/history/
Processing URL: https://time.com/section/sports/
Parsing HTML content for depth 2
Processed URL: https://time.com/section/sports/
Processing URL: https://time.com/magazine
Parsing HTML content for depth 2
Processed URL: https://time.com/magazine
Processing URL: https://time.com/vault/
Parsing HTML content for depth 2
Processed URL: https://time.com/vault/
Processing URL: https://www.timeforkids.com/
Parsing HTML content for depth 2
Processed URL: https://www.timeforkids.com/
Processing URL: https://www.co2.com/
Parsing HTML content for depth 2
Processed URL: https://www.co2.com/
Processing URL: https://time.com/coupons
Parsing HTML content for depth 2
Processed URL: https://time.com/coupons
Processing URL: https://timeedge.com/login
Parsing HTML content for depth 2
Processed URL: https://timeedge.com/login
Processing URL: https://time.com/collection/video/
Parsing HTML content for depth 2
Processed URL: https://time.com/collection/video/
Processing URL: https://time.com/time-masthead/
Parsing HTML content for depth 2
Processed URL: https://time.com/time-masthead/
Processing URL: https://time.com/newsletters/?source&#x3D;TD_Footer_Link
Parsing HTML content for depth 2
Processed URL: https://time.com/newsletters/?source&#x3D;TD_Footer_Link
Processing URL: https://time.com/subscribe-footer-time
Parsing HTML content for depth 2
Processed URL: https://time.com/subscribe-footer-time
Processing URL: https://time.com/subscriber-benefits/
Parsing HTML content for depth 2
Processed URL: https://time.com/subscriber-benefits/
Processing URL: https://time.com/giveagift/
Parsing HTML content for depth 2
Processed URL: https://time.com/giveagift/
Processing URL: https://timecoverstore.com/
Parsing HTML content for depth 2
Processed URL: https://timecoverstore.com/
Processing URL: https://time.com/longform/join-time/
Parsing HTML content for depth 2
Processed URL: https://time.com/longform/join-time/
Processing URL: https://time.com/modern-slavery-statement/
Parsing HTML content for depth 2
Processed URL: https://time.com/modern-slavery-statement/
Processing URL: https://time.com/section/press-room/
Parsing HTML content for depth 2
Processed URL: https://time.com/section/press-room/
Processing URL: https://time.com/studios/
Parsing HTML content for depth 2
Processed URL: https://time.com/studios/
Processing URL: https://support.time.com/
Parsing HTML content for depth 2
Processed URL: https://support.time.com/
Processing URL: https://support.time.com/
Parsing HTML content for depth 2
Processed URL: https://support.time.com/
Processing URL: mailto:feedback@time.com
Parsing HTML content for depth 2
Processed URL: mailto:feedback@time.com
Processing URL: https://www.parsintl.com/publication/time
Parsing HTML content for depth 2
Processed URL: https://www.parsintl.com/publication/time
Processing URL: https://time.com/html-sitemap/
Parsing HTML content for depth 2
Processed URL: https://time.com/html-sitemap/
Processing URL: https://time.com/mediakit/
Parsing HTML content for depth 2
Processed URL: https://time.com/mediakit/
Processing URL: https://time.com/partnercontent/
Parsing HTML content for depth 2
Processed URL: https://time.com/partnercontent/
Processing URL: https://time.com/longform/about-time/
Parsing HTML content for depth 2
Processed URL: https://time.com/longform/about-time/
Processing URL: https://time.com/privacy/privacy_terms_service.html
Parsing HTML content for depth 2
Processed URL: https://time.com/privacy/privacy_terms_service.html
Processing URL: https://time.com/privacy/privacy_policy.html
Parsing HTML content for depth 2
Processed URL: https://time.com/privacy/privacy_policy.html
Processing URL: https://time.com/privacy/privacy_policy.html#_Toc26698205
Parsing HTML content for depth 2
Processed URL: https://time.com/privacy/privacy_policy.html#_Toc26698205
Processing URL: javascript:ketch('showPreferences')
curl_easy_perform() failed: URL using bad/illegal format or missing URL
Processed URL: javascript:ketch('showPreferences')
Processing URL: https://time.com/newsletters/?source&#x3D;TD_Footer_Link
Parsing HTML content for depth 2
Processed URL: https://time.com/newsletters/?source&#x3D;TD_Footer_Link
Processing URL: https://time.com/subscribe-footer-time
Parsing HTML content for depth 2
Processed URL: https://time.com/subscribe-footer-time
Processing URL: https://time.com/subscriber-benefits/
Parsing HTML content for depth 2
Processed URL: https://time.com/subscriber-benefits/
Processing URL: https://time.com/giveagift/
Parsing HTML content for depth 2
Processed URL: https://time.com/giveagift/
Processing URL: https://timecoverstore.com/
Parsing HTML content for depth 2
Processed URL: https://timecoverstore.com/
Processing URL: https://time.com/longform/join-time/
Parsing HTML content for depth 2
Processed URL: https://time.com/longform/join-time/
Processing URL: https://time.com/modern-slavery-statement/
Parsing HTML content for depth 2
Processed URL: https://time.com/modern-slavery-statement/
Processing URL: https://time.com/section/press-room/
Parsing HTML content for depth 2
Processed URL: https://time.com/section/press-room/
Processing URL: https://time.com/studios/
Parsing HTML content for depth 2
Processed URL: https://time.com/studios/
Processing URL: https://support.time.com/
Parsing HTML content for depth 2
Processed URL: https://support.time.com/
Processing URL: https://support.time.com/
Parsing HTML content for depth 2
Processed URL: https://support.time.com/
Processing URL: mailto:feedback@time.com
Parsing HTML content for depth 2
Processed URL: mailto:feedback@time.com
Processing URL: https://www.parsintl.com/publication/time
Parsing HTML content for depth 2
Processed URL: https://www.parsintl.com/publication/time
Processing URL: https://time.com/html-sitemap/
Parsing HTML content for depth 2
Processed URL: https://time.com/html-sitemap/
Processing URL: https://time.com/mediakit/
Parsing HTML content for depth 2
Processed URL: https://time.com/mediakit/
Processing URL: https://time.com/partnercontent/
Parsing HTML content for depth 2
Processed URL: https://time.com/partnercontent/
Processing URL: https://time.com/longform/about-time/
Parsing HTML content for depth 2
Processed URL: https://time.com/longform/about-time/
Processing URL: https://time.com/privacy/privacy_terms_service.html
Parsing HTML content for depth 2
Processed URL: https://time.com/privacy/privacy_terms_service.html
Processing URL: https://time.com/privacy/privacy_policy.html
Parsing HTML content for depth 2
Processed URL: https://time.com/privacy/privacy_policy.html
Processing URL: https://time.com/privacy/privacy_policy.html#_Toc26698205
Parsing HTML content for depth 2
Processed URL: https://time.com/privacy/privacy_policy.html#_Toc26698205
Processing URL: javascript:ketch('showPreferences')
curl_easy_perform() failed: URL using bad/illegal format or missing URL
Processed URL: javascript:ketch('showPreferences')
Processing URL: https://time.com/personal-finance/
Parsing HTML content for depth 2
Processed URL: https://time.com/personal-finance/
Processing URL: https://time.com/shopping/
Parsing HTML content for depth 2
Processed URL: https://time.com/shopping/
Processing URL: https://time.com/charter/
Parsing HTML content for depth 2
Processed URL: https://time.com/charter/
Processing URL: https://time.com/section/entertainment/
Parsing HTML content for depth 2
Processed URL: https://time.com/section/entertainment/
Processing URL: https://time.com/section/ideas/
Parsing HTML content for depth 2
Processed URL: https://time.com/section/ideas/
Processing URL: https://time.com/section/science/
Parsing HTML content for depth 2
Processed URL: https://time.com/section/science/
Processing URL: https://time.com/section/history/
Parsing HTML content for depth 2
Processed URL: https://time.com/section/history/
Processing URL: https://time.com/section/sports/
Parsing HTML content for depth 2
Processed URL: https://time.com/section/sports/
Processing URL: https://time.com/magazine
Parsing HTML content for depth 2
Processed URL: https://time.com/magazine
Processing URL: https://time.com/vault/
Parsing HTML content for depth 2
Processed URL: https://time.com/vault/
Processing URL: https://www.timeforkids.com/
Parsing HTML content for depth 2
Processed URL: https://www.timeforkids.com/
Processing URL: https://www.co2.com/
Parsing HTML content for depth 2
Processed URL: https://www.co2.com/
Processing URL: https://time.com/coupons
Parsing HTML content for depth 2
Processed URL: https://time.com/coupons
Processing URL: https://timeedge.com/login
Parsing HTML content for depth 2
Processed URL: https://timeedge.com/login
Processing URL: https://time.com/collection/video/
Parsing HTML content for depth 2
Processed URL: https://time.com/collection/video/
Processing URL: https://time.com/time-masthead/
Parsing HTML content for depth 2
Processed URL: https://time.com/time-masthead/
Processing URL: https://time.com/newsletters/?source&#x3D;TD_Footer_Link
Parsing HTML content for depth 2
Processed URL: https://time.com/newsletters/?source&#x3D;TD_Footer_Link
Processing URL: https://time.com/subscribe-footer-time
Parsing HTML content for depth 2
Processed URL: https://time.com/subscribe-footer-time
Processing URL: https://time.com/subscriber-benefits/
Parsing HTML content for depth 2
Processed URL: https://time.com/subscriber-benefits/
Processing URL: https://time.com/giveagift/
Parsing HTML content for depth 2
Processed URL: https://time.com/giveagift/
Processing URL: https://timecoverstore.com/
Parsing HTML content for depth 2
Processed URL: https://timecoverstore.com/
Processing URL: https://time.com/longform/join-time/
Parsing HTML content for depth 2
Processed URL: https://time.com/longform/join-time/
Processing URL: https://time.com/modern-slavery-statement/
Parsing HTML content for depth 2
Processed URL: https://time.com/modern-slavery-statement/
Processing URL: https://time.com/section/press-room/
Parsing HTML content for depth 2
Processed URL: https://time.com/section/press-room/
Processing URL: https://time.com/studios/
Parsing HTML content for depth 2
Processed URL: https://time.com/studios/
Processing URL: https://support.time.com/
Parsing HTML content for depth 2
Processed URL: https://support.time.com/
Processing URL: https://support.time.com/
Parsing HTML content for depth 2
Processed URL: https://support.time.com/
Processing URL: mailto:feedback@time.com
Parsing HTML content for depth 2
Processed URL: mailto:feedback@time.com
Processing URL: https://www.parsintl.com/publication/time
Parsing HTML content for depth 2
Processed URL: https://www.parsintl.com/publication/time
Processing URL: https://time.com/html-sitemap/
Parsing HTML content for depth 2
Processed URL: https://time.com/html-sitemap/
Processing URL: https://time.com/mediakit/
Parsing HTML content for depth 2
Processed URL: https://time.com/mediakit/
Processing URL: https://time.com/partnercontent/
Parsing HTML content for depth 2
Processed URL: https://time.com/partnercontent/
Processing URL: https://time.com/longform/about-time/
Parsing HTML content for depth 2
Processed URL: https://time.com/longform/about-time/
Processing URL: https://time.com/privacy/privacy_terms_service.html
Parsing HTML content for depth 2
Processed URL: https://time.com/privacy/privacy_terms_service.html
Processing URL: https://time.com/privacy/privacy_policy.html
Parsing HTML content for depth 2
Processed URL: https://time.com/privacy/privacy_policy.html
Processing URL: https://time.com/privacy/privacy_policy.html#_Toc26698205
Parsing HTML content for depth 2
Processed URL: https://time.com/privacy/privacy_policy.html#_Toc26698205
Processing URL: javascript:ketch('showPreferences')
curl_easy_perform() failed: URL using bad/illegal format or missing URL
Processed URL: javascript:ketch('showPreferences')
